<?xml version="1.0" encoding="UTF-8"?>
<testng-results skipped="0" failed="0" ignored="0" total="3" passed="3">
  <reporter-output>
  </reporter-output>
  <suite name="ParameterizationSuite" duration-ms="115" started-at="2020-08-10T21:07:58 IST" finished-at="2020-08-10T21:07:58 IST">
    <groups>
    </groups>
    <test name="Test" duration-ms="115" started-at="2020-08-10T21:07:58 IST" finished-at="2020-08-10T21:07:58 IST">
      <class name="test.day1">
        <test-method status="PASS" signature="Beforesuiteprecondition()[pri:0, instance:test.day1@2286778]" name="Beforesuiteprecondition" is-config="true" duration-ms="20" started-at="2020-08-10T21:07:58 IST" finished-at="2020-08-10T21:07:58 IST">
          <reporter-output>
          </reporter-output>
        </test-method> <!-- Beforesuiteprecondition -->
        <test-method status="PASS" signature="m1(java.lang.String, java.lang.String)[pri:0, instance:test.day1@2286778]" name="m1" duration-ms="16" started-at="2020-08-10T21:07:58 IST" finished-at="2020-08-10T21:07:58 IST">
          <params>
            <param index="0">
              <value>
                <![CDATA[www.google.com]]>
              </value>
            </param>
            <param index="1">
              <value>
                <![CDATA[radha]]>
              </value>
            </param>
          </params>
          <reporter-output>
          </reporter-output>
        </test-method> <!-- m1 -->
        <test-method status="PASS" signature="m12(java.lang.String)[pri:0, instance:test.day1@2286778]" name="m12" duration-ms="2" started-at="2020-08-10T21:07:58 IST" finished-at="2020-08-10T21:07:58 IST">
          <params>
            <param index="0">
              <value>
                <![CDATA[radha]]>
              </value>
            </param>
          </params>
          <reporter-output>
          </reporter-output>
        </test-method> <!-- m12 -->
        <test-method status="PASS" signature="m2()[pri:0, instance:test.day1@2286778]" name="m2" duration-ms="2" started-at="2020-08-10T21:07:58 IST" finished-at="2020-08-10T21:07:58 IST">
          <reporter-output>
          </reporter-output>
        </test-method> <!-- m2 -->
        <test-method status="PASS" signature="Aftersuitepostcondition()[pri:0, instance:test.day1@2286778]" name="Aftersuitepostcondition" is-config="true" duration-ms="1" started-at="2020-08-10T21:07:59 IST" finished-at="2020-08-10T21:07:59 IST">
          <reporter-output>
          </reporter-output>
        </test-method> <!-- Aftersuitepostcondition -->
      </class> <!-- test.day1 -->
    </test> <!-- Test -->
  </suite> <!-- ParameterizationSuite -->
</testng-results>
