<?xml version="1.0" encoding="UTF-8"?>
<!-- Generated by org.testng.reporters.JUnitXMLReporter -->
<testsuite hostname="INTEL" ignored="0" name="Coursespace" tests="7" failures="0" timestamp="2020-08-10T19:48:20 IST" time="0.228" errors="0">
  <testcase name="dataAcceptingMethodn" time="0.014" classname="test.day3"/>
  <testcase name="dataAcceptingMethodn" time="0.002" classname="test.day3"/>
  <testcase name="dataAcceptingMethodn" time="0.006" classname="test.day3"/>
  <testcase name="APIloginHomeLoan" time="0.004" classname="test.day4"/>
  <testcase name="MobileloginHomeLoan" time="0.003" classname="test.day4"/>
  <testcase name="MobilesigninHomeLoan" time="0.004" classname="test.day4"/>
  <testcase name="MobilesignoutHomeLoan" time="0.005" classname="test.day4"/>
</testsuite> <!-- Coursespace -->
