<?xml version="1.0" encoding="UTF-8"?>
<!-- Generated by org.testng.reporters.JUnitXMLReporter -->
<testsuite hostname="INTEL" ignored="5" name="Test" tests="1" failures="0" timestamp="2020-08-10T19:51:54 IST" time="0.079" errors="0">
  <testcase name="MobileloginHomeLoan" time="0.017" classname="test.day4"/>
  <testcase name="MobilesignoutHomeLoan" time="0.0" classname="test.day4">
    <ignored/>
  </testcase> <!-- MobilesignoutHomeLoan -->
  <testcase name="APIloginHomeLoan" time="0.0" classname="test.day4">
    <ignored/>
  </testcase> <!-- APIloginHomeLoan -->
  <testcase name="MobilesigninHomeLoan" time="0.0" classname="test.day4">
    <ignored/>
  </testcase> <!-- MobilesigninHomeLoan -->
  <testcase name="m2" time="0.0" classname="test.day1">
    <ignored/>
  </testcase> <!-- m2 -->
  <testcase name="dataAcceptingMethodn" time="0.0" classname="test.day3">
    <ignored/>
  </testcase> <!-- dataAcceptingMethodn -->
</testsuite> <!-- Test -->
